The system is: Darwin - 17.7.0 - x86_64
Compiling the C compiler identification source file "CMakeCCompilerId.c" succeeded.
Compiler:  
Build flags: 
Id flags:  

The output was:
0
note: Using new build system
note: Planning build
note: Constructing build description
Build system information
warning: Traditional headermap style is no longer supported; please migrate to using separate headermaps and set 'ALWAYS_SEARCH_USER_PATHS' to NO. (in target 'CompilerIdC')

CreateBuildDirectory /Users/saadibm.com/Downloads/2D\ Breakout/glfw-3.2.1/build/CMakeFiles/3.13.0-rc3/CompilerIdC (in target: CompilerIdC)
    cd /Users/saadibm.com/Downloads/2D\ Breakout/glfw-3.2.1/build/CMakeFiles/3.13.0-rc3/CompilerIdC
    builtin-create-build-directory /Users/saadibm.com/Downloads/2D\ Breakout/glfw-3.2.1/build/CMakeFiles/3.13.0-rc3/CompilerIdC

WriteAuxiliaryFile /Users/saadibm.com/Downloads/2D\ Breakout/glfw-3.2.1/build/CMakeFiles/3.13.0-rc3/CompilerIdC/CompilerIdC.build/Debug/CompilerIdC.build/CompilerIdC.hmap (in target: CompilerIdC)
    cd /Users/saadibm.com/Downloads/2D\ Breakout/glfw-3.2.1/build/CMakeFiles/3.13.0-rc3/CompilerIdC
    write-file /Users/saadibm.com/Downloads/2D\ Breakout/glfw-3.2.1/build/CMakeFiles/3.13.0-rc3/CompilerIdC/CompilerIdC.build/Debug/CompilerIdC.build/CompilerIdC.hmap

WriteAuxiliaryFile /Users/saadibm.com/Downloads/2D\ Breakout/glfw-3.2.1/build/CMakeFiles/3.13.0-rc3/CompilerIdC/CompilerIdC.build/Debug/CompilerIdC.build/CompilerIdC-project-headers.hmap (in target: CompilerIdC)
    cd /Users/saadibm.com/Downloads/2D\ Breakout/glfw-3.2.1/build/CMakeFiles/3.13.0-rc3/CompilerIdC
    write-file /Users/saadibm.com/Downloads/2D\ Breakout/glfw-3.2.1/build/CMakeFiles/3.13.0-rc3/CompilerIdC/CompilerIdC.build/Debug/CompilerIdC.build/CompilerIdC-project-headers.hmap

WriteAuxiliaryFile /Users/saadibm.com/Downloads/2D\ Breakout/glfw-3.2.1/build/CMakeFiles/3.13.0-rc3/CompilerIdC/CompilerIdC.build/Debug/CompilerIdC.build/all-product-headers.yaml (in target: CompilerIdC)
    cd /Users/saadibm.com/Downloads/2D\ Breakout/glfw-3.2.1/build/CMakeFiles/3.13.0-rc3/CompilerIdC
    write-file /Users/saadibm.com/Downloads/2D\ Breakout/glfw-3.2.1/build/CMakeFiles/3.13.0-rc3/CompilerIdC/CompilerIdC.build/Debug/CompilerIdC.build/all-product-headers.yaml

WriteAuxiliaryFile /Users/saadibm.com/Downloads/2D\ Breakout/glfw-3.2.1/build/CMakeFiles/3.13.0-rc3/CompilerIdC/CompilerIdC.build/Debug/CompilerIdC.build/CompilerIdC-own-target-headers.hmap (in target: CompilerIdC)
    cd /Users/saadibm.com/Downloads/2D\ Breakout/glfw-3.2.1/build/CMakeFiles/3.13.0-rc3/CompilerIdC
    write-file /Users/saadibm.com/Downloads/2D\ Breakout/glfw-3.2.1/build/CMakeFiles/3.13.0-rc3/CompilerIdC/CompilerIdC.build/Debug/CompilerIdC.build/CompilerIdC-own-target-headers.hmap

WriteAuxiliaryFile /Users/saadibm.com/Downloads/2D\ Breakout/glfw-3.2.1/build/CMakeFiles/3.13.0-rc3/CompilerIdC/CompilerIdC.build/Debug/CompilerIdC.build/CompilerIdC-generated-files.hmap (in target: CompilerIdC)
    cd /Users/saadibm.com/Downloads/2D\ Breakout/glfw-3.2.1/build/CMakeFiles/3.13.0-rc3/CompilerIdC
    write-file /Users/saadibm.com/Downloads/2D\ Breakout/glfw-3.2.1/build/CMakeFiles/3.13.0-rc3/CompilerIdC/CompilerIdC.build/Debug/CompilerIdC.build/CompilerIdC-generated-files.hmap

WriteAuxiliaryFile /Users/saadibm.com/Downloads/2D\ Breakout/glfw-3.2.1/build/CMakeFiles/3.13.0-rc3/CompilerIdC/CompilerIdC.build/Debug/CompilerIdC.build/CompilerIdC-all-target-headers.hmap (in target: CompilerIdC)
    cd /Users/saadibm.com/Downloads/2D\ Breakout/glfw-3.2.1/build/CMakeFiles/3.13.0-rc3/CompilerIdC
    write-file /Users/saadibm.com/Downloads/2D\ Breakout/glfw-3.2.1/build/CMakeFiles/3.13.0-rc3/CompilerIdC/CompilerIdC.build/Debug/CompilerIdC.build/CompilerIdC-all-target-headers.hmap

WriteAuxiliaryFile /Users/saadibm.com/Downloads/2D\ Breakout/glfw-3.2.1/build/CMakeFiles/3.13.0-rc3/CompilerIdC/CompilerIdC.build/Debug/CompilerIdC.build/CompilerIdC-all-non-framework-target-headers.hmap (in target: CompilerIdC)
    cd /Users/saadibm.com/Downloads/2D\ Breakout/glfw-3.2.1/build/CMakeFiles/3.13.0-rc3/CompilerIdC
    write-file /Users/saadibm.com/Downloads/2D\ Breakout/glfw-3.2.1/build/CMakeFiles/3.13.0-rc3/CompilerIdC/CompilerIdC.build/Debug/CompilerIdC.build/CompilerIdC-all-non-framework-target-headers.hmap

WriteAuxiliaryFile /Users/saadibm.com/Downloads/2D\ Breakout/glfw-3.2.1/build/CMakeFiles/3.13.0-rc3/CompilerIdC/CompilerIdC.build/Debug/CompilerIdC.build/Objects-normal/x86_64/CompilerIdC.LinkFileList (in target: CompilerIdC)
    cd /Users/saadibm.com/Downloads/2D\ Breakout/glfw-3.2.1/build/CMakeFiles/3.13.0-rc3/CompilerIdC
    write-file /Users/saadibm.com/Downloads/2D\ Breakout/glfw-3.2.1/build/CMakeFiles/3.13.0-rc3/CompilerIdC/CompilerIdC.build/Debug/CompilerIdC.build/Objects-normal/x86_64/CompilerIdC.LinkFileList

CompileC /Users/saadibm.com/Downloads/2D\ Breakout/glfw-3.2.1/build/CMakeFiles/3.13.0-rc3/CompilerIdC/CompilerIdC.build/Debug/CompilerIdC.build/Objects-normal/x86_64/CMakeCCompilerId.o /Users/saadibm.com/Downloads/2D\ Breakout/glfw-3.2.1/build/CMakeFiles/3.13.0-rc3/CompilerIdC/CMakeCCompilerId.c normal x86_64 c com.apple.compilers.llvm.clang.1_0.compiler (in target: CompilerIdC)
    cd /Users/saadibm.com/Downloads/2D\ Breakout/glfw-3.2.1/build/CMakeFiles/3.13.0-rc3/CompilerIdC
    export LANG=en_US.US-ASCII
    /Applications/Xcode.app/Contents/Developer/Toolchains/XcodeDefault.xctoolchain/usr/bin/clang -x c -arch x86_64 -fmessage-length=0 -fdiagnostics-show-note-include-stack -fmacro-backtrace-limit=0 -Wno-trigraphs -fpascal-strings -Os -Wno-missing-field-initializers -Wno-missing-prototypes -Wno-return-type -Wno-missing-braces -Wparentheses -Wswitch -Wno-unused-function -Wno-unused-label -Wno-unused-parameter -Wno-unused-variable -Wunused-value -Wno-empty-body -Wno-uninitialized -Wno-unknown-pragmas -Wno-shadow -Wno-four-char-constants -Wno-conversion -Wno-constant-conversion -Wno-int-conversion -Wno-bool-conversion -Wno-enum-conversion -Wno-float-conversion -Wno-non-literal-null-conversion -Wno-objc-literal-conversion -Wno-shorten-64-to-32 -Wpointer-sign -Wno-newline-eof -isysroot /Library/Developer/CommandLineTools/SDKs/MacOSX10.13.sdk -fasm-blocks -fstrict-aliasing -Wdeprecated-declarations -mmacosx-version-min=10.13 -g -fvisibility=hidden -Wno-sign-conversion -Wno-infinite-recursion -Wno-comma -Wno-block-capture-autoreleasing -Wno-strict-prototypes -Wno-semicolon-before-method-body -iquote /Users/saadibm.com/Downloads/2D\ Breakout/glfw-3.2.1/build/CMakeFiles/3.13.0-rc3/CompilerIdC/CompilerIdC.build/Debug/CompilerIdC.build/CompilerIdC-generated-files.hmap -I/Users/saadibm.com/Downloads/2D\ Breakout/glfw-3.2.1/build/CMakeFiles/3.13.0-rc3/CompilerIdC/CompilerIdC.build/Debug/CompilerIdC.build/CompilerIdC-own-target-headers.hmap -I/Users/saadibm.com/Downloads/2D\ Breakout/glfw-3.2.1/build/CMakeFiles/3.13.0-rc3/CompilerIdC/CompilerIdC.build/Debug/CompilerIdC.build/CompilerIdC-all-target-headers.hmap -iquote /Users/saadibm.com/Downloads/2D\ Breakout/glfw-3.2.1/build/CMakeFiles/3.13.0-rc3/CompilerIdC/CompilerIdC.build/Debug/CompilerIdC.build/CompilerIdC-project-headers.hmap -I/Users/saadibm.com/Downloads/2D\ Breakout/glfw-3.2.1/build/CMakeFiles/3.13.0-rc3/CompilerIdC/include -I/Users/saadibm.com/Downloads/2D\ Breakout/glfw-3.2.1/build/CMakeFiles/3.13.0-rc3/CompilerIdC/CompilerIdC.build/Debug/CompilerIdC.build/DerivedSources/x86_64 -I/Users/saadibm.com/Downloads/2D\ Breakout/glfw-3.2.1/build/CMakeFiles/3.13.0-rc3/CompilerIdC/CompilerIdC.build/Debug/CompilerIdC.build/DerivedSources -F/Users/saadibm.com/Downloads/2D\ Breakout/glfw-3.2.1/build/CMakeFiles/3.13.0-rc3/CompilerIdC -MMD -MT dependencies -MF /Users/saadibm.com/Downloads/2D\ Breakout/glfw-3.2.1/build/CMakeFiles/3.13.0-rc3/CompilerIdC/CompilerIdC.build/Debug/CompilerIdC.build/Objects-normal/x86_64/CMakeCCompilerId.d --serialize-diagnostics /Users/saadibm.com/Downloads/2D\ Breakout/glfw-3.2.1/build/CMakeFiles/3.13.0-rc3/CompilerIdC/CompilerIdC.build/Debug/CompilerIdC.build/Objects-normal/x86_64/CMakeCCompilerId.dia -c /Users/saadibm.com/Downloads/2D\ Breakout/glfw-3.2.1/build/CMakeFiles/3.13.0-rc3/CompilerIdC/CMakeCCompilerId.c -o /Users/saadibm.com/Downloads/2D\ Breakout/glfw-3.2.1/build/CMakeFiles/3.13.0-rc3/CompilerIdC/CompilerIdC.build/Debug/CompilerIdC.build/Objects-normal/x86_64/CMakeCCompilerId.o

Ld /Users/saadibm.com/Downloads/2D\ Breakout/glfw-3.2.1/build/CMakeFiles/3.13.0-rc3/CompilerIdC/CompilerIdC normal x86_64 (in target: CompilerIdC)
    cd /Users/saadibm.com/Downloads/2D\ Breakout/glfw-3.2.1/build/CMakeFiles/3.13.0-rc3/CompilerIdC
    export MACOSX_DEPLOYMENT_TARGET=10.13
    /Applications/Xcode.app/Contents/Developer/Toolchains/XcodeDefault.xctoolchain/usr/bin/clang -arch x86_64 -isysroot /Library/Developer/CommandLineTools/SDKs/MacOSX10.13.sdk -L/Users/saadibm.com/Downloads/2D\ Breakout/glfw-3.2.1/build/CMakeFiles/3.13.0-rc3/CompilerIdC -F/Users/saadibm.com/Downloads/2D\ Breakout/glfw-3.2.1/build/CMakeFiles/3.13.0-rc3/CompilerIdC -filelist /Users/saadibm.com/Downloads/2D\ Breakout/glfw-3.2.1/build/CMakeFiles/3.13.0-rc3/CompilerIdC/CompilerIdC.build/Debug/CompilerIdC.build/Objects-normal/x86_64/CompilerIdC.LinkFileList -mmacosx-version-min=10.13 -Xlinker -object_path_lto -Xlinker /Users/saadibm.com/Downloads/2D\ Breakout/glfw-3.2.1/build/CMakeFiles/3.13.0-rc3/CompilerIdC/CompilerIdC.build/Debug/CompilerIdC.build/Objects-normal/x86_64/CompilerIdC_lto.o -Xlinker -dependency_info -Xlinker /Users/saadibm.com/Downloads/2D\ Breakout/glfw-3.2.1/build/CMakeFiles/3.13.0-rc3/CompilerIdC/CompilerIdC.build/Debug/CompilerIdC.build/Objects-normal/x86_64/CompilerIdC_dependency_info.dat -o /Users/saadibm.com/Downloads/2D\ Breakout/glfw-3.2.1/build/CMakeFiles/3.13.0-rc3/CompilerIdC/CompilerIdC

WriteAuxiliaryFile /Users/saadibm.com/Downloads/2D\ Breakout/glfw-3.2.1/build/CMakeFiles/3.13.0-rc3/CompilerIdC/CompilerIdC.build/Debug/CompilerIdC.build/Script-2C8FEB8E15DC1A1A00E56A5D.sh (in target: CompilerIdC)
    cd /Users/saadibm.com/Downloads/2D\ Breakout/glfw-3.2.1/build/CMakeFiles/3.13.0-rc3/CompilerIdC
    write-file /Users/saadibm.com/Downloads/2D\ Breakout/glfw-3.2.1/build/CMakeFiles/3.13.0-rc3/CompilerIdC/CompilerIdC.build/Debug/CompilerIdC.build/Script-2C8FEB8E15DC1A1A00E56A5D.sh

PhaseScriptExecution Run\ Script /Users/saadibm.com/Downloads/2D\ Breakout/glfw-3.2.1/build/CMakeFiles/3.13.0-rc3/CompilerIdC/CompilerIdC.build/Debug/CompilerIdC.build/Script-2C8FEB8E15DC1A1A00E56A5D.sh (in target: CompilerIdC)
    cd /Users/saadibm.com/Downloads/2D\ Breakout/glfw-3.2.1/build/CMakeFiles/3.13.0-rc3/CompilerIdC
    /bin/sh -c /Users/saadibm.com/Downloads/2D\\\ Breakout/glfw-3.2.1/build/CMakeFiles/3.13.0-rc3/CompilerIdC/CompilerIdC.build/Debug/CompilerIdC.build/Script-2C8FEB8E15DC1A1A00E56A5D.sh
GCC_VERSION=com.apple.compilers.llvm.clang.1_0
ARCHS=x86_64

** BUILD SUCCEEDED **



Compilation of the C compiler identification source "CMakeCCompilerId.c" produced "CompilerIdC"

The C compiler identification is AppleClang, found in "/Users/saadibm.com/Downloads/2D Breakout/glfw-3.2.1/build/CMakeFiles/3.13.0-rc3/CompilerIdC/CompilerIdC"

Determining if the C compiler works passed with the following output:
Change Dir: /Users/saadibm.com/Downloads/2D Breakout/glfw-3.2.1/build/CMakeFiles/CMakeTmp

Run Build Command:"/usr/bin/xcodebuild" "-project" "CMAKE_TRY_COMPILE.xcodeproj" "build" "-target" "cmTC_a2fde" "-configuration" "Debug"
Prepare build
note: Using legacy build system

=== BUILD TARGET cmTC_a2fde OF PROJECT CMAKE_TRY_COMPILE WITH CONFIGURATION Debug ===

Check dependencies

Write auxiliary files
/bin/mkdir -p /Users/saadibm.com/Downloads/2D\ Breakout/glfw-3.2.1/build/CMakeFiles/CMakeTmp/CMAKE_TRY_COMPILE.build/Debug/cmTC_a2fde.build/Objects-normal/x86_64
write-file /Users/saadibm.com/Downloads/2D\ Breakout/glfw-3.2.1/build/CMakeFiles/CMakeTmp/CMAKE_TRY_COMPILE.build/Debug/cmTC_a2fde.build/Objects-normal/x86_64/cmTC_a2fde.LinkFileList

CompileC CMAKE_TRY_COMPILE.build/Debug/cmTC_a2fde.build/Objects-normal/x86_64/testCCompiler.o testCCompiler.c normal x86_64 c com.apple.compilers.llvm.clang.1_0.compiler
    cd "/Users/saadibm.com/Downloads/2D Breakout/glfw-3.2.1/build/CMakeFiles/CMakeTmp"
    export LANG=en_US.US-ASCII
    /Applications/Xcode.app/Contents/Developer/Toolchains/XcodeDefault.xctoolchain/usr/bin/clang -x c -arch x86_64 -fmessage-length=0 -fdiagnostics-show-note-include-stack -fmacro-backtrace-limit=0 -Wno-trigraphs -fpascal-strings -O0 -Wno-missing-field-initializers -Wno-missing-prototypes -Wno-return-type -Wno-missing-braces -Wparentheses -Wswitch -Wno-unused-function -Wno-unused-label -Wno-unused-parameter -Wno-unused-variable -Wunused-value -Wno-empty-body -Wno-uninitialized -Wno-unknown-pragmas -Wno-shadow -Wno-four-char-constants -Wno-conversion -Wno-constant-conversion -Wno-int-conversion -Wno-bool-conversion -Wno-enum-conversion -Wno-float-conversion -Wno-non-literal-null-conversion -Wno-objc-literal-conversion -Wno-shorten-64-to-32 -Wpointer-sign -Wno-newline-eof -DCMAKE_INTDIR=\"Debug\" -isysroot /Library/Developer/CommandLineTools/SDKs/MacOSX10.13.sdk -fasm-blocks -fstrict-aliasing -Wdeprecated-declarations -mmacosx-version-min=10.13 -g -Wno-sign-conversion -Wno-infinite-recursion -Wno-comma -Wno-block-capture-autoreleasing -Wno-strict-prototypes -Wno-semicolon-before-method-body -I/Users/saadibm.com/Downloads/2D\ Breakout/glfw-3.2.1/build/CMakeFiles/CMakeTmp/Debug/include -I/Users/saadibm.com/Downloads/2D\ Breakout/glfw-3.2.1/build/CMakeFiles/CMakeTmp/CMAKE_TRY_COMPILE.build/Debug/cmTC_a2fde.build/DerivedSources/x86_64 -I/Users/saadibm.com/Downloads/2D\ Breakout/glfw-3.2.1/build/CMakeFiles/CMakeTmp/CMAKE_TRY_COMPILE.build/Debug/cmTC_a2fde.build/DerivedSources -Wmost -Wno-four-char-constants -Wno-unknown-pragmas -F/Users/saadibm.com/Downloads/2D\ Breakout/glfw-3.2.1/build/CMakeFiles/CMakeTmp/Debug -MMD -MT dependencies -MF /Users/saadibm.com/Downloads/2D\ Breakout/glfw-3.2.1/build/CMakeFiles/CMakeTmp/CMAKE_TRY_COMPILE.build/Debug/cmTC_a2fde.build/Objects-normal/x86_64/testCCompiler.d --serialize-diagnostics /Users/saadibm.com/Downloads/2D\ Breakout/glfw-3.2.1/build/CMakeFiles/CMakeTmp/CMAKE_TRY_COMPILE.build/Debug/cmTC_a2fde.build/Objects-normal/x86_64/testCCompiler.dia -c /Users/saadibm.com/Downloads/2D\ Breakout/glfw-3.2.1/build/CMakeFiles/CMakeTmp/testCCompiler.c -o /Users/saadibm.com/Downloads/2D\ Breakout/glfw-3.2.1/build/CMakeFiles/CMakeTmp/CMAKE_TRY_COMPILE.build/Debug/cmTC_a2fde.build/Objects-normal/x86_64/testCCompiler.o

Ld Debug/cmTC_a2fde normal x86_64
    cd "/Users/saadibm.com/Downloads/2D Breakout/glfw-3.2.1/build/CMakeFiles/CMakeTmp"
    export MACOSX_DEPLOYMENT_TARGET=10.13
    /Applications/Xcode.app/Contents/Developer/Toolchains/XcodeDefault.xctoolchain/usr/bin/clang -arch x86_64 -isysroot /Library/Developer/CommandLineTools/SDKs/MacOSX10.13.sdk -L/Users/saadibm.com/Downloads/2D\ Breakout/glfw-3.2.1/build/CMakeFiles/CMakeTmp/Debug -F/Users/saadibm.com/Downloads/2D\ Breakout/glfw-3.2.1/build/CMakeFiles/CMakeTmp/Debug -filelist /Users/saadibm.com/Downloads/2D\ Breakout/glfw-3.2.1/build/CMakeFiles/CMakeTmp/CMAKE_TRY_COMPILE.build/Debug/cmTC_a2fde.build/Objects-normal/x86_64/cmTC_a2fde.LinkFileList -mmacosx-version-min=10.13 -Xlinker -object_path_lto -Xlinker /Users/saadibm.com/Downloads/2D\ Breakout/glfw-3.2.1/build/CMakeFiles/CMakeTmp/CMAKE_TRY_COMPILE.build/Debug/cmTC_a2fde.build/Objects-normal/x86_64/cmTC_a2fde_lto.o -Xlinker -no_deduplicate -Wl,-search_paths_first -Wl,-headerpad_max_install_names -Xlinker -dependency_info -Xlinker /Users/saadibm.com/Downloads/2D\ Breakout/glfw-3.2.1/build/CMakeFiles/CMakeTmp/CMAKE_TRY_COMPILE.build/Debug/cmTC_a2fde.build/Objects-normal/x86_64/cmTC_a2fde_dependency_info.dat -o /Users/saadibm.com/Downloads/2D\ Breakout/glfw-3.2.1/build/CMakeFiles/CMakeTmp/Debug/cmTC_a2fde

** BUILD SUCCEEDED **



Detecting C compiler ABI info compiled with the following output:
Change Dir: /Users/saadibm.com/Downloads/2D Breakout/glfw-3.2.1/build/CMakeFiles/CMakeTmp

Run Build Command:"/usr/bin/xcodebuild" "-project" "CMAKE_TRY_COMPILE.xcodeproj" "build" "-target" "cmTC_2a05a" "-configuration" "Debug"
Prepare build
note: Using legacy build system

=== BUILD TARGET cmTC_2a05a OF PROJECT CMAKE_TRY_COMPILE WITH CONFIGURATION Debug ===

Check dependencies

Write auxiliary files
/bin/mkdir -p /Users/saadibm.com/Downloads/2D\ Breakout/glfw-3.2.1/build/CMakeFiles/CMakeTmp/CMAKE_TRY_COMPILE.build/Debug/cmTC_2a05a.build/Objects-normal/x86_64
write-file /Users/saadibm.com/Downloads/2D\ Breakout/glfw-3.2.1/build/CMakeFiles/CMakeTmp/CMAKE_TRY_COMPILE.build/Debug/cmTC_2a05a.build/Objects-normal/x86_64/cmTC_2a05a.LinkFileList

CompileC CMAKE_TRY_COMPILE.build/Debug/cmTC_2a05a.build/Objects-normal/x86_64/CMakeCCompilerABI.o /Applications/CMake.app/Contents/share/cmake-3.13/Modules/CMakeCCompilerABI.c normal x86_64 c com.apple.compilers.llvm.clang.1_0.compiler
    cd "/Users/saadibm.com/Downloads/2D Breakout/glfw-3.2.1/build/CMakeFiles/CMakeTmp"
    export LANG=en_US.US-ASCII
    /Applications/Xcode.app/Contents/Developer/Toolchains/XcodeDefault.xctoolchain/usr/bin/clang -x c -arch x86_64 -fmessage-length=0 -fdiagnostics-show-note-include-stack -fmacro-backtrace-limit=0 -Wno-trigraphs -fpascal-strings -O0 -Wno-missing-field-initializers -Wno-missing-prototypes -Wno-return-type -Wno-missing-braces -Wparentheses -Wswitch -Wno-unused-function -Wno-unused-label -Wno-unused-parameter -Wno-unused-variable -Wunused-value -Wno-empty-body -Wno-uninitialized -Wno-unknown-pragmas -Wno-shadow -Wno-four-char-constants -Wno-conversion -Wno-constant-conversion -Wno-int-conversion -Wno-bool-conversion -Wno-enum-conversion -Wno-float-conversion -Wno-non-literal-null-conversion -Wno-objc-literal-conversion -Wno-shorten-64-to-32 -Wpointer-sign -Wno-newline-eof -DCMAKE_INTDIR=\"Debug\" -isysroot /Library/Developer/CommandLineTools/SDKs/MacOSX10.13.sdk -fasm-blocks -fstrict-aliasing -Wdeprecated-declarations -mmacosx-version-min=10.13 -g -Wno-sign-conversion -Wno-infinite-recursion -Wno-comma -Wno-block-capture-autoreleasing -Wno-strict-prototypes -Wno-semicolon-before-method-body -I/Users/saadibm.com/Downloads/2D\ Breakout/glfw-3.2.1/build/CMakeFiles/CMakeTmp/Debug/include -I/Users/saadibm.com/Downloads/2D\ Breakout/glfw-3.2.1/build/CMakeFiles/CMakeTmp/CMAKE_TRY_COMPILE.build/Debug/cmTC_2a05a.build/DerivedSources/x86_64 -I/Users/saadibm.com/Downloads/2D\ Breakout/glfw-3.2.1/build/CMakeFiles/CMakeTmp/CMAKE_TRY_COMPILE.build/Debug/cmTC_2a05a.build/DerivedSources -Wmost -Wno-four-char-constants -Wno-unknown-pragmas -F/Users/saadibm.com/Downloads/2D\ Breakout/glfw-3.2.1/build/CMakeFiles/CMakeTmp/Debug -MMD -MT dependencies -MF /Users/saadibm.com/Downloads/2D\ Breakout/glfw-3.2.1/build/CMakeFiles/CMakeTmp/CMAKE_TRY_COMPILE.build/Debug/cmTC_2a05a.build/Objects-normal/x86_64/CMakeCCompilerABI.d --serialize-diagnostics /Users/saadibm.com/Downloads/2D\ Breakout/glfw-3.2.1/build/CMakeFiles/CMakeTmp/CMAKE_TRY_COMPILE.build/Debug/cmTC_2a05a.build/Objects-normal/x86_64/CMakeCCompilerABI.dia -c /Applications/CMake.app/Contents/share/cmake-3.13/Modules/CMakeCCompilerABI.c -o /Users/saadibm.com/Downloads/2D\ Breakout/glfw-3.2.1/build/CMakeFiles/CMakeTmp/CMAKE_TRY_COMPILE.build/Debug/cmTC_2a05a.build/Objects-normal/x86_64/CMakeCCompilerABI.o

Ld Debug/cmTC_2a05a normal x86_64
    cd "/Users/saadibm.com/Downloads/2D Breakout/glfw-3.2.1/build/CMakeFiles/CMakeTmp"
    export MACOSX_DEPLOYMENT_TARGET=10.13
    /Applications/Xcode.app/Contents/Developer/Toolchains/XcodeDefault.xctoolchain/usr/bin/clang -arch x86_64 -isysroot /Library/Developer/CommandLineTools/SDKs/MacOSX10.13.sdk -L/Users/saadibm.com/Downloads/2D\ Breakout/glfw-3.2.1/build/CMakeFiles/CMakeTmp/Debug -F/Users/saadibm.com/Downloads/2D\ Breakout/glfw-3.2.1/build/CMakeFiles/CMakeTmp/Debug -filelist /Users/saadibm.com/Downloads/2D\ Breakout/glfw-3.2.1/build/CMakeFiles/CMakeTmp/CMAKE_TRY_COMPILE.build/Debug/cmTC_2a05a.build/Objects-normal/x86_64/cmTC_2a05a.LinkFileList -mmacosx-version-min=10.13 -Xlinker -object_path_lto -Xlinker /Users/saadibm.com/Downloads/2D\ Breakout/glfw-3.2.1/build/CMakeFiles/CMakeTmp/CMAKE_TRY_COMPILE.build/Debug/cmTC_2a05a.build/Objects-normal/x86_64/cmTC_2a05a_lto.o -Xlinker -no_deduplicate -v -Wl,-v -Wl,-search_paths_first -Wl,-headerpad_max_install_names -Xlinker -dependency_info -Xlinker /Users/saadibm.com/Downloads/2D\ Breakout/glfw-3.2.1/build/CMakeFiles/CMakeTmp/CMAKE_TRY_COMPILE.build/Debug/cmTC_2a05a.build/Objects-normal/x86_64/cmTC_2a05a_dependency_info.dat -o /Users/saadibm.com/Downloads/2D\ Breakout/glfw-3.2.1/build/CMakeFiles/CMakeTmp/Debug/cmTC_2a05a
Apple LLVM version 10.0.0 (clang-1000.11.45.5)
Target: x86_64-apple-darwin17.7.0
Thread model: posix
InstalledDir: /Applications/Xcode.app/Contents/Developer/Toolchains/XcodeDefault.xctoolchain/usr/bin
 "/Applications/Xcode.app/Contents/Developer/Toolchains/XcodeDefault.xctoolchain/usr/bin/ld" -demangle -lto_library /Applications/Xcode.app/Contents/Developer/Toolchains/XcodeDefault.xctoolchain/usr/lib/libLTO.dylib -dynamic -arch x86_64 -macosx_version_min 10.13.0 -syslibroot /Library/Developer/CommandLineTools/SDKs/MacOSX10.13.sdk -o /Users/saadibm.com/Downloads/2D Breakout/glfw-3.2.1/build/CMakeFiles/CMakeTmp/Debug/cmTC_2a05a -L/Users/saadibm.com/Downloads/2D Breakout/glfw-3.2.1/build/CMakeFiles/CMakeTmp/Debug -filelist /Users/saadibm.com/Downloads/2D Breakout/glfw-3.2.1/build/CMakeFiles/CMakeTmp/CMAKE_TRY_COMPILE.build/Debug/cmTC_2a05a.build/Objects-normal/x86_64/cmTC_2a05a.LinkFileList -object_path_lto /Users/saadibm.com/Downloads/2D Breakout/glfw-3.2.1/build/CMakeFiles/CMakeTmp/CMAKE_TRY_COMPILE.build/Debug/cmTC_2a05a.build/Objects-normal/x86_64/cmTC_2a05a_lto.o -no_deduplicate -v -search_paths_first -headerpad_max_install_names -dependency_info /Users/saadibm.com/Downloads/2D Breakout/glfw-3.2.1/build/CMakeFiles/CMakeTmp/CMAKE_TRY_COMPILE.build/Debug/cmTC_2a05a.build/Objects-normal/x86_64/cmTC_2a05a_dependency_info.dat -lSystem /Applications/Xcode.app/Contents/Developer/Toolchains/XcodeDefault.xctoolchain/usr/lib/clang/10.0.0/lib/darwin/libclang_rt.osx.a -F/Users/saadibm.com/Downloads/2D Breakout/glfw-3.2.1/build/CMakeFiles/CMakeTmp/Debug
@(#)PROGRAM:ld  PROJECT:ld64-409.12
BUILD 17:47:51 Sep 25 2018
configured to support archs: armv6 armv7 armv7s arm64 i386 x86_64 x86_64h armv6m armv7k armv7m armv7em arm64e arm64_32
Library search paths:
	/Users/saadibm.com/Downloads/2D Breakout/glfw-3.2.1/build/CMakeFiles/CMakeTmp/Debug
	/Library/Developer/CommandLineTools/SDKs/MacOSX10.13.sdk/usr/lib
Framework search paths:
	/Users/saadibm.com/Downloads/2D Breakout/glfw-3.2.1/build/CMakeFiles/CMakeTmp/Debug
	/Library/Developer/CommandLineTools/SDKs/MacOSX10.13.sdk/System/Library/Frameworks/

** BUILD SUCCEEDED **



Parsed C implicit link information from above output:
  link line regex: [^( *|.*[/\])(ld|CMAKE_LINK_STARTFILE-NOTFOUND|([^/\]+-)?ld|collect2)[^/\]*( |$)]
  ignore line: [Change Dir: /Users/saadibm.com/Downloads/2D Breakout/glfw-3.2.1/build/CMakeFiles/CMakeTmp]
  ignore line: []
  ignore line: [Run Build Command:"/usr/bin/xcodebuild" "-project" "CMAKE_TRY_COMPILE.xcodeproj" "build" "-target" "cmTC_2a05a" "-configuration" "Debug"]
  ignore line: [Prepare build]
  ignore line: [note: Using legacy build system]
  ignore line: []
  ignore line: [=== BUILD TARGET cmTC_2a05a OF PROJECT CMAKE_TRY_COMPILE WITH CONFIGURATION Debug ===]
  ignore line: []
  ignore line: [Check dependencies]
  ignore line: []
  ignore line: [Write auxiliary files]
  ignore line: [/bin/mkdir -p /Users/saadibm.com/Downloads/2D\ Breakout/glfw-3.2.1/build/CMakeFiles/CMakeTmp/CMAKE_TRY_COMPILE.build/Debug/cmTC_2a05a.build/Objects-normal/x86_64]
  ignore line: [write-file /Users/saadibm.com/Downloads/2D\ Breakout/glfw-3.2.1/build/CMakeFiles/CMakeTmp/CMAKE_TRY_COMPILE.build/Debug/cmTC_2a05a.build/Objects-normal/x86_64/cmTC_2a05a.LinkFileList]
  ignore line: []
  ignore line: [CompileC CMAKE_TRY_COMPILE.build/Debug/cmTC_2a05a.build/Objects-normal/x86_64/CMakeCCompilerABI.o /Applications/CMake.app/Contents/share/cmake-3.13/Modules/CMakeCCompilerABI.c normal x86_64 c com.apple.compilers.llvm.clang.1_0.compiler]
  ignore line: [    cd "/Users/saadibm.com/Downloads/2D Breakout/glfw-3.2.1/build/CMakeFiles/CMakeTmp"]
  ignore line: [    export LANG=en_US.US-ASCII]
  ignore line: [    /Applications/Xcode.app/Contents/Developer/Toolchains/XcodeDefault.xctoolchain/usr/bin/clang -x c -arch x86_64 -fmessage-length=0 -fdiagnostics-show-note-include-stack -fmacro-backtrace-limit=0 -Wno-trigraphs -fpascal-strings -O0 -Wno-missing-field-initializers -Wno-missing-prototypes -Wno-return-type -Wno-missing-braces -Wparentheses -Wswitch -Wno-unused-function -Wno-unused-label -Wno-unused-parameter -Wno-unused-variable -Wunused-value -Wno-empty-body -Wno-uninitialized -Wno-unknown-pragmas -Wno-shadow -Wno-four-char-constants -Wno-conversion -Wno-constant-conversion -Wno-int-conversion -Wno-bool-conversion -Wno-enum-conversion -Wno-float-conversion -Wno-non-literal-null-conversion -Wno-objc-literal-conversion -Wno-shorten-64-to-32 -Wpointer-sign -Wno-newline-eof -DCMAKE_INTDIR=\"Debug\" -isysroot /Library/Developer/CommandLineTools/SDKs/MacOSX10.13.sdk -fasm-blocks -fstrict-aliasing -Wdeprecated-declarations -mmacosx-version-min=10.13 -g -Wno-sign-conversion -Wno-infinite-recursion -Wno-comma -Wno-block-capture-autoreleasing -Wno-strict-prototypes -Wno-semicolon-before-method-body -I/Users/saadibm.com/Downloads/2D\ Breakout/glfw-3.2.1/build/CMakeFiles/CMakeTmp/Debug/include -I/Users/saadibm.com/Downloads/2D\ Breakout/glfw-3.2.1/build/CMakeFiles/CMakeTmp/CMAKE_TRY_COMPILE.build/Debug/cmTC_2a05a.build/DerivedSources/x86_64 -I/Users/saadibm.com/Downloads/2D\ Breakout/glfw-3.2.1/build/CMakeFiles/CMakeTmp/CMAKE_TRY_COMPILE.build/Debug/cmTC_2a05a.build/DerivedSources -Wmost -Wno-four-char-constants -Wno-unknown-pragmas -F/Users/saadibm.com/Downloads/2D\ Breakout/glfw-3.2.1/build/CMakeFiles/CMakeTmp/Debug -MMD -MT dependencies -MF /Users/saadibm.com/Downloads/2D\ Breakout/glfw-3.2.1/build/CMakeFiles/CMakeTmp/CMAKE_TRY_COMPILE.build/Debug/cmTC_2a05a.build/Objects-normal/x86_64/CMakeCCompilerABI.d --serialize-diagnostics /Users/saadibm.com/Downloads/2D\ Breakout/glfw-3.2.1/build/CMakeFiles/CMakeTmp/CMAKE_TRY_COMPILE.build/Debug/cmTC_2a05a.build/Objects-normal/x86_64/CMakeCCompilerABI.dia -c /Applications/CMake.app/Contents/share/cmake-3.13/Modules/CMakeCCompilerABI.c -o /Users/saadibm.com/Downloads/2D\ Breakout/glfw-3.2.1/build/CMakeFiles/CMakeTmp/CMAKE_TRY_COMPILE.build/Debug/cmTC_2a05a.build/Objects-normal/x86_64/CMakeCCompilerABI.o]
  ignore line: []
  ignore line: [Ld Debug/cmTC_2a05a normal x86_64]
  ignore line: [    cd "/Users/saadibm.com/Downloads/2D Breakout/glfw-3.2.1/build/CMakeFiles/CMakeTmp"]
  ignore line: [    export MACOSX_DEPLOYMENT_TARGET=10.13]
  ignore line: [    /Applications/Xcode.app/Contents/Developer/Toolchains/XcodeDefault.xctoolchain/usr/bin/clang -arch x86_64 -isysroot /Library/Developer/CommandLineTools/SDKs/MacOSX10.13.sdk -L/Users/saadibm.com/Downloads/2D\ Breakout/glfw-3.2.1/build/CMakeFiles/CMakeTmp/Debug -F/Users/saadibm.com/Downloads/2D\ Breakout/glfw-3.2.1/build/CMakeFiles/CMakeTmp/Debug -filelist /Users/saadibm.com/Downloads/2D\ Breakout/glfw-3.2.1/build/CMakeFiles/CMakeTmp/CMAKE_TRY_COMPILE.build/Debug/cmTC_2a05a.build/Objects-normal/x86_64/cmTC_2a05a.LinkFileList -mmacosx-version-min=10.13 -Xlinker -object_path_lto -Xlinker /Users/saadibm.com/Downloads/2D\ Breakout/glfw-3.2.1/build/CMakeFiles/CMakeTmp/CMAKE_TRY_COMPILE.build/Debug/cmTC_2a05a.build/Objects-normal/x86_64/cmTC_2a05a_lto.o -Xlinker -no_deduplicate -v -Wl,-v -Wl,-search_paths_first -Wl,-headerpad_max_install_names -Xlinker -dependency_info -Xlinker /Users/saadibm.com/Downloads/2D\ Breakout/glfw-3.2.1/build/CMakeFiles/CMakeTmp/CMAKE_TRY_COMPILE.build/Debug/cmTC_2a05a.build/Objects-normal/x86_64/cmTC_2a05a_dependency_info.dat -o /Users/saadibm.com/Downloads/2D\ Breakout/glfw-3.2.1/build/CMakeFiles/CMakeTmp/Debug/cmTC_2a05a]
  ignore line: [Apple LLVM version 10.0.0 (clang-1000.11.45.5)]
  ignore line: [Target: x86_64-apple-darwin17.7.0]
  ignore line: [Thread model: posix]
  ignore line: [InstalledDir: /Applications/Xcode.app/Contents/Developer/Toolchains/XcodeDefault.xctoolchain/usr/bin]
  reduced line: [ "/Applications/Xcode.app/Contents/Developer/Toolchains/XcodeDefault.xctoolchain/usr/bin/ld" -demangle -lto_library /Applications/Xcode.app/Contents/Developer/Toolchains/XcodeDefault.xctoolchain/usr/lib/libLTO.dylib -dynamic -arch x86_64 -macosx_version_min 10.13.0 -syslibroot /Library/Developer/CommandLineTools/SDKs/MacOSX10.13.sdk -o /Users/saadibm.com/Downloads/2D Breakout/glfw-3.2.1/build/CMakeFiles/CMakeTmp/Debug/cmTC_2a05a -L/Users/saadibm.com/Downloads/2D Breakout/glfw-3.2.1/build/CMakeFiles/CMakeTmp/Debug -filelist /Users/saadibm.com/Downloads/2D Breakout/glfw-3.2.1/build/CMakeFiles/CMakeTmp/CMAKE_TRY_COMPILE.build/Debug/cmTC_2a05a.build/Objects-normal/x86_64/cmTC_2a05a.LinkFileList -object_path_lto /Users/saadibm.com/Downloads/2D Breakout/glfw-3.2.1/build/CMakeFiles/CMakeTmp/CMAKE_TRY_COMPILE.build/Debug/cmTC_2a05a.build/Objects-normal/x86_64/cmTC_2a05a_lto.o -no_deduplicate -v -search_paths_first -headerpad_max_install_names -dependency_info /Users/saadibm.com/Downloads/2D Breakout/glfw-3.2.1/build/CMakeFiles/CMakeTmp/CMAKE_TRY_COMPILE.build/Debug/cmTC_2a05a.build/Objects-normal/x86_64/cmTC_2a05a_dependency_info.dat -lSystem /Applications/Xcode.app/Contents/Developer/Toolchains/XcodeDefault.xctoolchain/usr/lib/clang/10.0.0/lib/darwin/libclang_rt.osx.a -F/Users/saadibm.com/Downloads/2D Breakout/glfw-3.2.1/build/CMakeFiles/CMakeTmp/Debug]
            to: [ "/Applications/Xcode.app/Contents/Developer/Toolchains/XcodeDefault.xctoolchain/usr/bin/ld" -demangle -lto_library /Applications/Xcode.app/Contents/Developer/Toolchains/XcodeDefault.xctoolchain/usr/lib/libLTO.dylib -dynamic -arch x86_64 -macosx_version_min 10.13.0 -syslibroot /Library/Developer/CommandLineTools/SDKs/MacOSX10.13.sdk -o /Users/saadibm.com/Downloads/2D Breakout/glfw-3.2.1/build/CMakeFiles/CMakeTmp/Debug/cmTC_2a05a -filelist /Users/saadibm.com/Downloads/2D Breakout/glfw-3.2.1/build/CMakeFiles/CMakeTmp/CMAKE_TRY_COMPILE.build/Debug/cmTC_2a05a.build/Objects-normal/x86_64/cmTC_2a05a.LinkFileList -object_path_lto /Users/saadibm.com/Downloads/2D Breakout/glfw-3.2.1/build/CMakeFiles/CMakeTmp/CMAKE_TRY_COMPILE.build/Debug/cmTC_2a05a.build/Objects-normal/x86_64/cmTC_2a05a_lto.o -no_deduplicate -v -search_paths_first -headerpad_max_install_names -dependency_info /Users/saadibm.com/Downloads/2D Breakout/glfw-3.2.1/build/CMakeFiles/CMakeTmp/CMAKE_TRY_COMPILE.build/Debug/cmTC_2a05a.build/Objects-normal/x86_64/cmTC_2a05a_dependency_info.dat -lSystem /Applications/Xcode.app/Contents/Developer/Toolchains/XcodeDefault.xctoolchain/usr/lib/clang/10.0.0/lib/darwin/libclang_rt.osx.a ]
  link line: [ "/Applications/Xcode.app/Contents/Developer/Toolchains/XcodeDefault.xctoolchain/usr/bin/ld" -demangle -lto_library /Applications/Xcode.app/Contents/Developer/Toolchains/XcodeDefault.xctoolchain/usr/lib/libLTO.dylib -dynamic -arch x86_64 -macosx_version_min 10.13.0 -syslibroot /Library/Developer/CommandLineTools/SDKs/MacOSX10.13.sdk -o /Users/saadibm.com/Downloads/2D Breakout/glfw-3.2.1/build/CMakeFiles/CMakeTmp/Debug/cmTC_2a05a -filelist /Users/saadibm.com/Downloads/2D Breakout/glfw-3.2.1/build/CMakeFiles/CMakeTmp/CMAKE_TRY_COMPILE.build/Debug/cmTC_2a05a.build/Objects-normal/x86_64/cmTC_2a05a.LinkFileList -object_path_lto /Users/saadibm.com/Downloads/2D Breakout/glfw-3.2.1/build/CMakeFiles/CMakeTmp/CMAKE_TRY_COMPILE.build/Debug/cmTC_2a05a.build/Objects-normal/x86_64/cmTC_2a05a_lto.o -no_deduplicate -v -search_paths_first -headerpad_max_install_names -dependency_info /Users/saadibm.com/Downloads/2D Breakout/glfw-3.2.1/build/CMakeFiles/CMakeTmp/CMAKE_TRY_COMPILE.build/Debug/cmTC_2a05a.build/Objects-normal/x86_64/cmTC_2a05a_dependency_info.dat -lSystem /Applications/Xcode.app/Contents/Developer/Toolchains/XcodeDefault.xctoolchain/usr/lib/clang/10.0.0/lib/darwin/libclang_rt.osx.a ]
    arg [/Applications/Xcode.app/Contents/Developer/Toolchains/XcodeDefault.xctoolchain/usr/bin/ld] ==> ignore
    arg [-demangle] ==> ignore
    arg [-lto_library] ==> ignore, skip following value
    arg [/Applications/Xcode.app/Contents/Developer/Toolchains/XcodeDefault.xctoolchain/usr/lib/libLTO.dylib] ==> skip value of -lto_library
    arg [-dynamic] ==> ignore
    arg [-arch] ==> ignore
    arg [x86_64] ==> ignore
    arg [-macosx_version_min] ==> ignore
    arg [10.13.0] ==> ignore
    arg [-syslibroot] ==> ignore
    arg [/Library/Developer/CommandLineTools/SDKs/MacOSX10.13.sdk] ==> ignore
    arg [-o] ==> ignore
    arg [/Users/saadibm.com/Downloads/2D] ==> ignore
    arg [Breakout/glfw-3.2.1/build/CMakeFiles/CMakeTmp/Debug/cmTC_2a05a] ==> ignore
    arg [-filelist] ==> ignore
    arg [/Users/saadibm.com/Downloads/2D] ==> ignore
    arg [Breakout/glfw-3.2.1/build/CMakeFiles/CMakeTmp/CMAKE_TRY_COMPILE.build/Debug/cmTC_2a05a.build/Objects-normal/x86_64/cmTC_2a05a.LinkFileList] ==> ignore
    arg [-object_path_lto] ==> ignore
    arg [/Users/saadibm.com/Downloads/2D] ==> ignore
    arg [Breakout/glfw-3.2.1/build/CMakeFiles/CMakeTmp/CMAKE_TRY_COMPILE.build/Debug/cmTC_2a05a.build/Objects-normal/x86_64/cmTC_2a05a_lto.o] ==> ignore
    arg [-no_deduplicate] ==> ignore
    arg [-v] ==> ignore
    arg [-search_paths_first] ==> ignore
    arg [-headerpad_max_install_names] ==> ignore
    arg [-dependency_info] ==> ignore
    arg [/Users/saadibm.com/Downloads/2D] ==> ignore
    arg [Breakout/glfw-3.2.1/build/CMakeFiles/CMakeTmp/CMAKE_TRY_COMPILE.build/Debug/cmTC_2a05a.build/Objects-normal/x86_64/cmTC_2a05a_dependency_info.dat] ==> ignore
    arg [-lSystem] ==> lib [System]
    arg [/Applications/Xcode.app/Contents/Developer/Toolchains/XcodeDefault.xctoolchain/usr/lib/clang/10.0.0/lib/darwin/libclang_rt.osx.a] ==> lib [/Applications/Xcode.app/Contents/Developer/Toolchains/XcodeDefault.xctoolchain/usr/lib/clang/10.0.0/lib/darwin/libclang_rt.osx.a]
  Library search paths: [;/Users/saadibm.com/Downloads/2D Breakout/glfw-3.2.1/build/CMakeFiles/CMakeTmp/Debug;/Library/Developer/CommandLineTools/SDKs/MacOSX10.13.sdk/usr/lib]
  Framework search paths: [;/Users/saadibm.com/Downloads/2D Breakout/glfw-3.2.1/build/CMakeFiles/CMakeTmp/Debug;/Library/Developer/CommandLineTools/SDKs/MacOSX10.13.sdk/System/Library/Frameworks/]
  remove lib [System]
  remove lib [/Applications/Xcode.app/Contents/Developer/Toolchains/XcodeDefault.xctoolchain/usr/lib/clang/10.0.0/lib/darwin/libclang_rt.osx.a]
  collapse library dir [/Users/saadibm.com/Downloads/2D Breakout/glfw-3.2.1/build/CMakeFiles/CMakeTmp/Debug] ==> [/Users/saadibm.com/Downloads/2D Breakout/glfw-3.2.1/build/CMakeFiles/CMakeTmp/Debug], skipping non-system directory
  collapse library dir [/Library/Developer/CommandLineTools/SDKs/MacOSX10.13.sdk/usr/lib] ==> [/Library/Developer/CommandLineTools/SDKs/MacOSX10.13.sdk/usr/lib]
  collapse framework dir [/Users/saadibm.com/Downloads/2D Breakout/glfw-3.2.1/build/CMakeFiles/CMakeTmp/Debug] ==> [/Users/saadibm.com/Downloads/2D Breakout/glfw-3.2.1/build/CMakeFiles/CMakeTmp/Debug], skipping non-system directory
  collapse framework dir [/Library/Developer/CommandLineTools/SDKs/MacOSX10.13.sdk/System/Library/Frameworks/] ==> [/Library/Developer/CommandLineTools/SDKs/MacOSX10.13.sdk/System/Library/Frameworks]
  implicit libs: []
  implicit dirs: [/Library/Developer/CommandLineTools/SDKs/MacOSX10.13.sdk/usr/lib]
  implicit fwks: [/Library/Developer/CommandLineTools/SDKs/MacOSX10.13.sdk/System/Library/Frameworks]




Detecting C [-std=c11] compiler features compiled with the following output:
Change Dir: /Users/saadibm.com/Downloads/2D Breakout/glfw-3.2.1/build/CMakeFiles/CMakeTmp

Run Build Command:"/usr/bin/xcodebuild" "-project" "CMAKE_TRY_COMPILE.xcodeproj" "build" "-target" "cmTC_d0911" "-configuration" "Debug"
Prepare build
note: Using legacy build system

=== BUILD TARGET cmTC_d0911 OF PROJECT CMAKE_TRY_COMPILE WITH CONFIGURATION Debug ===

Check dependencies

Write auxiliary files
/bin/mkdir -p /Users/saadibm.com/Downloads/2D\ Breakout/glfw-3.2.1/build/CMakeFiles/CMakeTmp/CMAKE_TRY_COMPILE.build/Debug/cmTC_d0911.build/Objects-normal/x86_64
write-file /Users/saadibm.com/Downloads/2D\ Breakout/glfw-3.2.1/build/CMakeFiles/CMakeTmp/CMAKE_TRY_COMPILE.build/Debug/cmTC_d0911.build/Objects-normal/x86_64/cmTC_d0911.LinkFileList

CompileC CMAKE_TRY_COMPILE.build/Debug/cmTC_d0911.build/Objects-normal/x86_64/feature_tests.o /Users/saadibm.com/Downloads/2D\ Breakout/glfw-3.2.1/build/CMakeFiles/feature_tests.c normal x86_64 c com.apple.compilers.llvm.clang.1_0.compiler
    cd "/Users/saadibm.com/Downloads/2D Breakout/glfw-3.2.1/build/CMakeFiles/CMakeTmp"
    export LANG=en_US.US-ASCII
    /Applications/Xcode.app/Contents/Developer/Toolchains/XcodeDefault.xctoolchain/usr/bin/clang -x c -arch x86_64 -fmessage-length=0 -fdiagnostics-show-note-include-stack -fmacro-backtrace-limit=0 -Wno-trigraphs -fpascal-strings -O0 -Wno-missing-field-initializers -Wno-missing-prototypes -Wno-return-type -Wno-missing-braces -Wparentheses -Wswitch -Wno-unused-function -Wno-unused-label -Wno-unused-parameter -Wno-unused-variable -Wunused-value -Wno-empty-body -Wno-uninitialized -Wno-unknown-pragmas -Wno-shadow -Wno-four-char-constants -Wno-conversion -Wno-constant-conversion -Wno-int-conversion -Wno-bool-conversion -Wno-enum-conversion -Wno-float-conversion -Wno-non-literal-null-conversion -Wno-objc-literal-conversion -Wno-shorten-64-to-32 -Wpointer-sign -Wno-newline-eof -DCMAKE_INTDIR=\"Debug\" -isysroot /Library/Developer/CommandLineTools/SDKs/MacOSX10.13.sdk -fasm-blocks -fstrict-aliasing -Wdeprecated-declarations -mmacosx-version-min=10.13 -g -Wno-sign-conversion -Wno-infinite-recursion -Wno-comma -Wno-block-capture-autoreleasing -Wno-strict-prototypes -Wno-semicolon-before-method-body -I/Users/saadibm.com/Downloads/2D\ Breakout/glfw-3.2.1/build/CMakeFiles/CMakeTmp/Debug/include -I/Users/saadibm.com/Downloads/2D\ Breakout/glfw-3.2.1/build/CMakeFiles/CMakeTmp/CMAKE_TRY_COMPILE.build/Debug/cmTC_d0911.build/DerivedSources/x86_64 -I/Users/saadibm.com/Downloads/2D\ Breakout/glfw-3.2.1/build/CMakeFiles/CMakeTmp/CMAKE_TRY_COMPILE.build/Debug/cmTC_d0911.build/DerivedSources -Wmost -Wno-four-char-constants -Wno-unknown-pragmas -F/Users/saadibm.com/Downloads/2D\ Breakout/glfw-3.2.1/build/CMakeFiles/CMakeTmp/Debug -std=c11 -MMD -MT dependencies -MF /Users/saadibm.com/Downloads/2D\ Breakout/glfw-3.2.1/build/CMakeFiles/CMakeTmp/CMAKE_TRY_COMPILE.build/Debug/cmTC_d0911.build/Objects-normal/x86_64/feature_tests.d --serialize-diagnostics /Users/saadibm.com/Downloads/2D\ Breakout/glfw-3.2.1/build/CMakeFiles/CMakeTmp/CMAKE_TRY_COMPILE.build/Debug/cmTC_d0911.build/Objects-normal/x86_64/feature_tests.dia -c /Users/saadibm.com/Downloads/2D\ Breakout/glfw-3.2.1/build/CMakeFiles/feature_tests.c -o /Users/saadibm.com/Downloads/2D\ Breakout/glfw-3.2.1/build/CMakeFiles/CMakeTmp/CMAKE_TRY_COMPILE.build/Debug/cmTC_d0911.build/Objects-normal/x86_64/feature_tests.o

Ld Debug/cmTC_d0911 normal x86_64
    cd "/Users/saadibm.com/Downloads/2D Breakout/glfw-3.2.1/build/CMakeFiles/CMakeTmp"
    export MACOSX_DEPLOYMENT_TARGET=10.13
    /Applications/Xcode.app/Contents/Developer/Toolchains/XcodeDefault.xctoolchain/usr/bin/clang -arch x86_64 -isysroot /Library/Developer/CommandLineTools/SDKs/MacOSX10.13.sdk -L/Users/saadibm.com/Downloads/2D\ Breakout/glfw-3.2.1/build/CMakeFiles/CMakeTmp/Debug -F/Users/saadibm.com/Downloads/2D\ Breakout/glfw-3.2.1/build/CMakeFiles/CMakeTmp/Debug -filelist /Users/saadibm.com/Downloads/2D\ Breakout/glfw-3.2.1/build/CMakeFiles/CMakeTmp/CMAKE_TRY_COMPILE.build/Debug/cmTC_d0911.build/Objects-normal/x86_64/cmTC_d0911.LinkFileList -mmacosx-version-min=10.13 -Xlinker -object_path_lto -Xlinker /Users/saadibm.com/Downloads/2D\ Breakout/glfw-3.2.1/build/CMakeFiles/CMakeTmp/CMAKE_TRY_COMPILE.build/Debug/cmTC_d0911.build/Objects-normal/x86_64/cmTC_d0911_lto.o -Xlinker -no_deduplicate -Wl,-search_paths_first -Wl,-headerpad_max_install_names -Xlinker -dependency_info -Xlinker /Users/saadibm.com/Downloads/2D\ Breakout/glfw-3.2.1/build/CMakeFiles/CMakeTmp/CMAKE_TRY_COMPILE.build/Debug/cmTC_d0911.build/Objects-normal/x86_64/cmTC_d0911_dependency_info.dat -o /Users/saadibm.com/Downloads/2D\ Breakout/glfw-3.2.1/build/CMakeFiles/CMakeTmp/Debug/cmTC_d0911

** BUILD SUCCEEDED **



    Feature record: C_FEATURE:1c_function_prototypes
    Feature record: C_FEATURE:1c_restrict
    Feature record: C_FEATURE:1c_static_assert
    Feature record: C_FEATURE:1c_variadic_macros


Detecting C [-std=c99] compiler features compiled with the following output:
Change Dir: /Users/saadibm.com/Downloads/2D Breakout/glfw-3.2.1/build/CMakeFiles/CMakeTmp

Run Build Command:"/usr/bin/xcodebuild" "-project" "CMAKE_TRY_COMPILE.xcodeproj" "build" "-target" "cmTC_5d2bd" "-configuration" "Debug"
Prepare build
note: Using legacy build system

=== BUILD TARGET cmTC_5d2bd OF PROJECT CMAKE_TRY_COMPILE WITH CONFIGURATION Debug ===

Check dependencies

Write auxiliary files
/bin/mkdir -p /Users/saadibm.com/Downloads/2D\ Breakout/glfw-3.2.1/build/CMakeFiles/CMakeTmp/CMAKE_TRY_COMPILE.build/Debug/cmTC_5d2bd.build/Objects-normal/x86_64
write-file /Users/saadibm.com/Downloads/2D\ Breakout/glfw-3.2.1/build/CMakeFiles/CMakeTmp/CMAKE_TRY_COMPILE.build/Debug/cmTC_5d2bd.build/Objects-normal/x86_64/cmTC_5d2bd.LinkFileList

CompileC CMAKE_TRY_COMPILE.build/Debug/cmTC_5d2bd.build/Objects-normal/x86_64/feature_tests.o /Users/saadibm.com/Downloads/2D\ Breakout/glfw-3.2.1/build/CMakeFiles/feature_tests.c normal x86_64 c com.apple.compilers.llvm.clang.1_0.compiler
    cd "/Users/saadibm.com/Downloads/2D Breakout/glfw-3.2.1/build/CMakeFiles/CMakeTmp"
    export LANG=en_US.US-ASCII
    /Applications/Xcode.app/Contents/Developer/Toolchains/XcodeDefault.xctoolchain/usr/bin/clang -x c -arch x86_64 -fmessage-length=0 -fdiagnostics-show-note-include-stack -fmacro-backtrace-limit=0 -Wno-trigraphs -fpascal-strings -O0 -Wno-missing-field-initializers -Wno-missing-prototypes -Wno-return-type -Wno-missing-braces -Wparentheses -Wswitch -Wno-unused-function -Wno-unused-label -Wno-unused-parameter -Wno-unused-variable -Wunused-value -Wno-empty-body -Wno-uninitialized -Wno-unknown-pragmas -Wno-shadow -Wno-four-char-constants -Wno-conversion -Wno-constant-conversion -Wno-int-conversion -Wno-bool-conversion -Wno-enum-conversion -Wno-float-conversion -Wno-non-literal-null-conversion -Wno-objc-literal-conversion -Wno-shorten-64-to-32 -Wpointer-sign -Wno-newline-eof -DCMAKE_INTDIR=\"Debug\" -isysroot /Library/Developer/CommandLineTools/SDKs/MacOSX10.13.sdk -fasm-blocks -fstrict-aliasing -Wdeprecated-declarations -mmacosx-version-min=10.13 -g -Wno-sign-conversion -Wno-infinite-recursion -Wno-comma -Wno-block-capture-autoreleasing -Wno-strict-prototypes -Wno-semicolon-before-method-body -I/Users/saadibm.com/Downloads/2D\ Breakout/glfw-3.2.1/build/CMakeFiles/CMakeTmp/Debug/include -I/Users/saadibm.com/Downloads/2D\ Breakout/glfw-3.2.1/build/CMakeFiles/CMakeTmp/CMAKE_TRY_COMPILE.build/Debug/cmTC_5d2bd.build/DerivedSources/x86_64 -I/Users/saadibm.com/Downloads/2D\ Breakout/glfw-3.2.1/build/CMakeFiles/CMakeTmp/CMAKE_TRY_COMPILE.build/Debug/cmTC_5d2bd.build/DerivedSources -Wmost -Wno-four-char-constants -Wno-unknown-pragmas -F/Users/saadibm.com/Downloads/2D\ Breakout/glfw-3.2.1/build/CMakeFiles/CMakeTmp/Debug -std=c99 -MMD -MT dependencies -MF /Users/saadibm.com/Downloads/2D\ Breakout/glfw-3.2.1/build/CMakeFiles/CMakeTmp/CMAKE_TRY_COMPILE.build/Debug/cmTC_5d2bd.build/Objects-normal/x86_64/feature_tests.d --serialize-diagnostics /Users/saadibm.com/Downloads/2D\ Breakout/glfw-3.2.1/build/CMakeFiles/CMakeTmp/CMAKE_TRY_COMPILE.build/Debug/cmTC_5d2bd.build/Objects-normal/x86_64/feature_tests.dia -c /Users/saadibm.com/Downloads/2D\ Breakout/glfw-3.2.1/build/CMakeFiles/feature_tests.c -o /Users/saadibm.com/Downloads/2D\ Breakout/glfw-3.2.1/build/CMakeFiles/CMakeTmp/CMAKE_TRY_COMPILE.build/Debug/cmTC_5d2bd.build/Objects-normal/x86_64/feature_tests.o

Ld Debug/cmTC_5d2bd normal x86_64
    cd "/Users/saadibm.com/Downloads/2D Breakout/glfw-3.2.1/build/CMakeFiles/CMakeTmp"
    export MACOSX_DEPLOYMENT_TARGET=10.13
    /Applications/Xcode.app/Contents/Developer/Toolchains/XcodeDefault.xctoolchain/usr/bin/clang -arch x86_64 -isysroot /Library/Developer/CommandLineTools/SDKs/MacOSX10.13.sdk -L/Users/saadibm.com/Downloads/2D\ Breakout/glfw-3.2.1/build/CMakeFiles/CMakeTmp/Debug -F/Users/saadibm.com/Downloads/2D\ Breakout/glfw-3.2.1/build/CMakeFiles/CMakeTmp/Debug -filelist /Users/saadibm.com/Downloads/2D\ Breakout/glfw-3.2.1/build/CMakeFiles/CMakeTmp/CMAKE_TRY_COMPILE.build/Debug/cmTC_5d2bd.build/Objects-normal/x86_64/cmTC_5d2bd.LinkFileList -mmacosx-version-min=10.13 -Xlinker -object_path_lto -Xlinker /Users/saadibm.com/Downloads/2D\ Breakout/glfw-3.2.1/build/CMakeFiles/CMakeTmp/CMAKE_TRY_COMPILE.build/Debug/cmTC_5d2bd.build/Objects-normal/x86_64/cmTC_5d2bd_lto.o -Xlinker -no_deduplicate -Wl,-search_paths_first -Wl,-headerpad_max_install_names -Xlinker -dependency_info -Xlinker /Users/saadibm.com/Downloads/2D\ Breakout/glfw-3.2.1/build/CMakeFiles/CMakeTmp/CMAKE_TRY_COMPILE.build/Debug/cmTC_5d2bd.build/Objects-normal/x86_64/cmTC_5d2bd_dependency_info.dat -o /Users/saadibm.com/Downloads/2D\ Breakout/glfw-3.2.1/build/CMakeFiles/CMakeTmp/Debug/cmTC_5d2bd

** BUILD SUCCEEDED **



    Feature record: C_FEATURE:1c_function_prototypes
    Feature record: C_FEATURE:1c_restrict
    Feature record: C_FEATURE:0c_static_assert
    Feature record: C_FEATURE:1c_variadic_macros


Detecting C [-std=c90] compiler features compiled with the following output:
Change Dir: /Users/saadibm.com/Downloads/2D Breakout/glfw-3.2.1/build/CMakeFiles/CMakeTmp

Run Build Command:"/usr/bin/xcodebuild" "-project" "CMAKE_TRY_COMPILE.xcodeproj" "build" "-target" "cmTC_04ab3" "-configuration" "Debug"
Prepare build
note: Using legacy build system

=== BUILD TARGET cmTC_04ab3 OF PROJECT CMAKE_TRY_COMPILE WITH CONFIGURATION Debug ===

Check dependencies

Write auxiliary files
/bin/mkdir -p /Users/saadibm.com/Downloads/2D\ Breakout/glfw-3.2.1/build/CMakeFiles/CMakeTmp/CMAKE_TRY_COMPILE.build/Debug/cmTC_04ab3.build/Objects-normal/x86_64
write-file /Users/saadibm.com/Downloads/2D\ Breakout/glfw-3.2.1/build/CMakeFiles/CMakeTmp/CMAKE_TRY_COMPILE.build/Debug/cmTC_04ab3.build/Objects-normal/x86_64/cmTC_04ab3.LinkFileList

CompileC CMAKE_TRY_COMPILE.build/Debug/cmTC_04ab3.build/Objects-normal/x86_64/feature_tests.o /Users/saadibm.com/Downloads/2D\ Breakout/glfw-3.2.1/build/CMakeFiles/feature_tests.c normal x86_64 c com.apple.compilers.llvm.clang.1_0.compiler
    cd "/Users/saadibm.com/Downloads/2D Breakout/glfw-3.2.1/build/CMakeFiles/CMakeTmp"
    export LANG=en_US.US-ASCII
    /Applications/Xcode.app/Contents/Developer/Toolchains/XcodeDefault.xctoolchain/usr/bin/clang -x c -arch x86_64 -fmessage-length=0 -fdiagnostics-show-note-include-stack -fmacro-backtrace-limit=0 -Wno-trigraphs -fpascal-strings -O0 -Wno-missing-field-initializers -Wno-missing-prototypes -Wno-return-type -Wno-missing-braces -Wparentheses -Wswitch -Wno-unused-function -Wno-unused-label -Wno-unused-parameter -Wno-unused-variable -Wunused-value -Wno-empty-body -Wno-uninitialized -Wno-unknown-pragmas -Wno-shadow -Wno-four-char-constants -Wno-conversion -Wno-constant-conversion -Wno-int-conversion -Wno-bool-conversion -Wno-enum-conversion -Wno-float-conversion -Wno-non-literal-null-conversion -Wno-objc-literal-conversion -Wno-shorten-64-to-32 -Wpointer-sign -Wno-newline-eof -DCMAKE_INTDIR=\"Debug\" -isysroot /Library/Developer/CommandLineTools/SDKs/MacOSX10.13.sdk -fasm-blocks -fstrict-aliasing -Wdeprecated-declarations -mmacosx-version-min=10.13 -g -Wno-sign-conversion -Wno-infinite-recursion -Wno-comma -Wno-block-capture-autoreleasing -Wno-strict-prototypes -Wno-semicolon-before-method-body -I/Users/saadibm.com/Downloads/2D\ Breakout/glfw-3.2.1/build/CMakeFiles/CMakeTmp/Debug/include -I/Users/saadibm.com/Downloads/2D\ Breakout/glfw-3.2.1/build/CMakeFiles/CMakeTmp/CMAKE_TRY_COMPILE.build/Debug/cmTC_04ab3.build/DerivedSources/x86_64 -I/Users/saadibm.com/Downloads/2D\ Breakout/glfw-3.2.1/build/CMakeFiles/CMakeTmp/CMAKE_TRY_COMPILE.build/Debug/cmTC_04ab3.build/DerivedSources -Wmost -Wno-four-char-constants -Wno-unknown-pragmas -F/Users/saadibm.com/Downloads/2D\ Breakout/glfw-3.2.1/build/CMakeFiles/CMakeTmp/Debug -std=c90 -MMD -MT dependencies -MF /Users/saadibm.com/Downloads/2D\ Breakout/glfw-3.2.1/build/CMakeFiles/CMakeTmp/CMAKE_TRY_COMPILE.build/Debug/cmTC_04ab3.build/Objects-normal/x86_64/feature_tests.d --serialize-diagnostics /Users/saadibm.com/Downloads/2D\ Breakout/glfw-3.2.1/build/CMakeFiles/CMakeTmp/CMAKE_TRY_COMPILE.build/Debug/cmTC_04ab3.build/Objects-normal/x86_64/feature_tests.dia -c /Users/saadibm.com/Downloads/2D\ Breakout/glfw-3.2.1/build/CMakeFiles/feature_tests.c -o /Users/saadibm.com/Downloads/2D\ Breakout/glfw-3.2.1/build/CMakeFiles/CMakeTmp/CMAKE_TRY_COMPILE.build/Debug/cmTC_04ab3.build/Objects-normal/x86_64/feature_tests.o

Ld Debug/cmTC_04ab3 normal x86_64
    cd "/Users/saadibm.com/Downloads/2D Breakout/glfw-3.2.1/build/CMakeFiles/CMakeTmp"
    export MACOSX_DEPLOYMENT_TARGET=10.13
    /Applications/Xcode.app/Contents/Developer/Toolchains/XcodeDefault.xctoolchain/usr/bin/clang -arch x86_64 -isysroot /Library/Developer/CommandLineTools/SDKs/MacOSX10.13.sdk -L/Users/saadibm.com/Downloads/2D\ Breakout/glfw-3.2.1/build/CMakeFiles/CMakeTmp/Debug -F/Users/saadibm.com/Downloads/2D\ Breakout/glfw-3.2.1/build/CMakeFiles/CMakeTmp/Debug -filelist /Users/saadibm.com/Downloads/2D\ Breakout/glfw-3.2.1/build/CMakeFiles/CMakeTmp/CMAKE_TRY_COMPILE.build/Debug/cmTC_04ab3.build/Objects-normal/x86_64/cmTC_04ab3.LinkFileList -mmacosx-version-min=10.13 -Xlinker -object_path_lto -Xlinker /Users/saadibm.com/Downloads/2D\ Breakout/glfw-3.2.1/build/CMakeFiles/CMakeTmp/CMAKE_TRY_COMPILE.build/Debug/cmTC_04ab3.build/Objects-normal/x86_64/cmTC_04ab3_lto.o -Xlinker -no_deduplicate -Wl,-search_paths_first -Wl,-headerpad_max_install_names -Xlinker -dependency_info -Xlinker /Users/saadibm.com/Downloads/2D\ Breakout/glfw-3.2.1/build/CMakeFiles/CMakeTmp/CMAKE_TRY_COMPILE.build/Debug/cmTC_04ab3.build/Objects-normal/x86_64/cmTC_04ab3_dependency_info.dat -o /Users/saadibm.com/Downloads/2D\ Breakout/glfw-3.2.1/build/CMakeFiles/CMakeTmp/Debug/cmTC_04ab3

** BUILD SUCCEEDED **



    Feature record: C_FEATURE:1c_function_prototypes
    Feature record: C_FEATURE:0c_restrict
    Feature record: C_FEATURE:0c_static_assert
    Feature record: C_FEATURE:0c_variadic_macros
Determining if the include file pthread.h exists passed with the following output:
Change Dir: /Users/saadibm.com/Downloads/2D Breakout/glfw-3.2.1/build/CMakeFiles/CMakeTmp

Run Build Command:"/usr/bin/xcodebuild" "-project" "CMAKE_TRY_COMPILE.xcodeproj" "build" "-target" "cmTC_57eb3" "-configuration" "Debug"
Prepare build
note: Using legacy build system

=== BUILD TARGET cmTC_57eb3 OF PROJECT CMAKE_TRY_COMPILE WITH CONFIGURATION Debug ===

Check dependencies

Write auxiliary files
/bin/mkdir -p /Users/saadibm.com/Downloads/2D\ Breakout/glfw-3.2.1/build/CMakeFiles/CMakeTmp/CMAKE_TRY_COMPILE.build/Debug/cmTC_57eb3.build/Objects-normal/x86_64
write-file /Users/saadibm.com/Downloads/2D\ Breakout/glfw-3.2.1/build/CMakeFiles/CMakeTmp/CMAKE_TRY_COMPILE.build/Debug/cmTC_57eb3.build/Objects-normal/x86_64/cmTC_57eb3.LinkFileList

CompileC CMAKE_TRY_COMPILE.build/Debug/cmTC_57eb3.build/Objects-normal/x86_64/CheckIncludeFile.o CheckIncludeFile.c normal x86_64 c com.apple.compilers.llvm.clang.1_0.compiler
    cd "/Users/saadibm.com/Downloads/2D Breakout/glfw-3.2.1/build/CMakeFiles/CMakeTmp"
    export LANG=en_US.US-ASCII
    /Applications/Xcode.app/Contents/Developer/Toolchains/XcodeDefault.xctoolchain/usr/bin/clang -x c -arch x86_64 -fmessage-length=0 -fdiagnostics-show-note-include-stack -fmacro-backtrace-limit=0 -Wno-trigraphs -fpascal-strings -O0 -Wno-missing-field-initializers -Wno-missing-prototypes -Wno-return-type -Wno-missing-braces -Wparentheses -Wswitch -Wno-unused-function -Wno-unused-label -Wno-unused-parameter -Wno-unused-variable -Wunused-value -Wno-empty-body -Wno-uninitialized -Wno-unknown-pragmas -Wno-shadow -Wno-four-char-constants -Wno-conversion -Wno-constant-conversion -Wno-int-conversion -Wno-bool-conversion -Wno-enum-conversion -Wno-float-conversion -Wno-non-literal-null-conversion -Wno-objc-literal-conversion -Wno-shorten-64-to-32 -Wpointer-sign -Wno-newline-eof -DCMAKE_INTDIR=\"Debug\" -isysroot /Library/Developer/CommandLineTools/SDKs/MacOSX10.13.sdk -fasm-blocks -fstrict-aliasing -Wdeprecated-declarations -mmacosx-version-min=10.13 -g -Wno-sign-conversion -Wno-infinite-recursion -Wno-comma -Wno-block-capture-autoreleasing -Wno-strict-prototypes -Wno-semicolon-before-method-body -I/Users/saadibm.com/Downloads/2D\ Breakout/glfw-3.2.1/build/CMakeFiles/CMakeTmp/Debug/include -I/Users/saadibm.com/Downloads/2D\ Breakout/glfw-3.2.1/build/CMakeFiles/CMakeTmp/CMAKE_TRY_COMPILE.build/Debug/cmTC_57eb3.build/DerivedSources/x86_64 -I/Users/saadibm.com/Downloads/2D\ Breakout/glfw-3.2.1/build/CMakeFiles/CMakeTmp/CMAKE_TRY_COMPILE.build/Debug/cmTC_57eb3.build/DerivedSources -Wmost -Wno-four-char-constants -Wno-unknown-pragmas -F/Users/saadibm.com/Downloads/2D\ Breakout/glfw-3.2.1/build/CMakeFiles/CMakeTmp/Debug -MMD -MT dependencies -MF /Users/saadibm.com/Downloads/2D\ Breakout/glfw-3.2.1/build/CMakeFiles/CMakeTmp/CMAKE_TRY_COMPILE.build/Debug/cmTC_57eb3.build/Objects-normal/x86_64/CheckIncludeFile.d --serialize-diagnostics /Users/saadibm.com/Downloads/2D\ Breakout/glfw-3.2.1/build/CMakeFiles/CMakeTmp/CMAKE_TRY_COMPILE.build/Debug/cmTC_57eb3.build/Objects-normal/x86_64/CheckIncludeFile.dia -c /Users/saadibm.com/Downloads/2D\ Breakout/glfw-3.2.1/build/CMakeFiles/CMakeTmp/CheckIncludeFile.c -o /Users/saadibm.com/Downloads/2D\ Breakout/glfw-3.2.1/build/CMakeFiles/CMakeTmp/CMAKE_TRY_COMPILE.build/Debug/cmTC_57eb3.build/Objects-normal/x86_64/CheckIncludeFile.o

Ld Debug/cmTC_57eb3 normal x86_64
    cd "/Users/saadibm.com/Downloads/2D Breakout/glfw-3.2.1/build/CMakeFiles/CMakeTmp"
    export MACOSX_DEPLOYMENT_TARGET=10.13
    /Applications/Xcode.app/Contents/Developer/Toolchains/XcodeDefault.xctoolchain/usr/bin/clang -arch x86_64 -isysroot /Library/Developer/CommandLineTools/SDKs/MacOSX10.13.sdk -L/Users/saadibm.com/Downloads/2D\ Breakout/glfw-3.2.1/build/CMakeFiles/CMakeTmp/Debug -F/Users/saadibm.com/Downloads/2D\ Breakout/glfw-3.2.1/build/CMakeFiles/CMakeTmp/Debug -filelist /Users/saadibm.com/Downloads/2D\ Breakout/glfw-3.2.1/build/CMakeFiles/CMakeTmp/CMAKE_TRY_COMPILE.build/Debug/cmTC_57eb3.build/Objects-normal/x86_64/cmTC_57eb3.LinkFileList -mmacosx-version-min=10.13 -Xlinker -object_path_lto -Xlinker /Users/saadibm.com/Downloads/2D\ Breakout/glfw-3.2.1/build/CMakeFiles/CMakeTmp/CMAKE_TRY_COMPILE.build/Debug/cmTC_57eb3.build/Objects-normal/x86_64/cmTC_57eb3_lto.o -Xlinker -no_deduplicate -Wl,-search_paths_first -Wl,-headerpad_max_install_names -Xlinker -dependency_info -Xlinker /Users/saadibm.com/Downloads/2D\ Breakout/glfw-3.2.1/build/CMakeFiles/CMakeTmp/CMAKE_TRY_COMPILE.build/Debug/cmTC_57eb3.build/Objects-normal/x86_64/cmTC_57eb3_dependency_info.dat -o /Users/saadibm.com/Downloads/2D\ Breakout/glfw-3.2.1/build/CMakeFiles/CMakeTmp/Debug/cmTC_57eb3

** BUILD SUCCEEDED **



Determining if the pthread_create exist passed with the following output:
Change Dir: /Users/saadibm.com/Downloads/2D Breakout/glfw-3.2.1/build/CMakeFiles/CMakeTmp

Run Build Command:"/usr/bin/xcodebuild" "-project" "CMAKE_TRY_COMPILE.xcodeproj" "build" "-target" "cmTC_dd407" "-configuration" "Debug"
Prepare build
note: Using legacy build system

=== BUILD TARGET cmTC_dd407 OF PROJECT CMAKE_TRY_COMPILE WITH CONFIGURATION Debug ===

Check dependencies

Write auxiliary files
/bin/mkdir -p /Users/saadibm.com/Downloads/2D\ Breakout/glfw-3.2.1/build/CMakeFiles/CMakeTmp/CMAKE_TRY_COMPILE.build/Debug/cmTC_dd407.build/Objects-normal/x86_64
write-file /Users/saadibm.com/Downloads/2D\ Breakout/glfw-3.2.1/build/CMakeFiles/CMakeTmp/CMAKE_TRY_COMPILE.build/Debug/cmTC_dd407.build/Objects-normal/x86_64/cmTC_dd407.LinkFileList

CompileC CMAKE_TRY_COMPILE.build/Debug/cmTC_dd407.build/Objects-normal/x86_64/CheckSymbolExists.o CheckSymbolExists.c normal x86_64 c com.apple.compilers.llvm.clang.1_0.compiler
    cd "/Users/saadibm.com/Downloads/2D Breakout/glfw-3.2.1/build/CMakeFiles/CMakeTmp"
    export LANG=en_US.US-ASCII
    /Applications/Xcode.app/Contents/Developer/Toolchains/XcodeDefault.xctoolchain/usr/bin/clang -x c -arch x86_64 -fmessage-length=0 -fdiagnostics-show-note-include-stack -fmacro-backtrace-limit=0 -Wno-trigraphs -fpascal-strings -O0 -Wno-missing-field-initializers -Wno-missing-prototypes -Wno-return-type -Wno-missing-braces -Wparentheses -Wswitch -Wno-unused-function -Wno-unused-label -Wno-unused-parameter -Wno-unused-variable -Wunused-value -Wno-empty-body -Wno-uninitialized -Wno-unknown-pragmas -Wno-shadow -Wno-four-char-constants -Wno-conversion -Wno-constant-conversion -Wno-int-conversion -Wno-bool-conversion -Wno-enum-conversion -Wno-float-conversion -Wno-non-literal-null-conversion -Wno-objc-literal-conversion -Wno-shorten-64-to-32 -Wpointer-sign -Wno-newline-eof -DCMAKE_INTDIR=\"Debug\" -isysroot /Library/Developer/CommandLineTools/SDKs/MacOSX10.13.sdk -fasm-blocks -fstrict-aliasing -Wdeprecated-declarations -mmacosx-version-min=10.13 -g -Wno-sign-conversion -Wno-infinite-recursion -Wno-comma -Wno-block-capture-autoreleasing -Wno-strict-prototypes -Wno-semicolon-before-method-body -I/Users/saadibm.com/Downloads/2D\ Breakout/glfw-3.2.1/build/CMakeFiles/CMakeTmp/Debug/include -I/Users/saadibm.com/Downloads/2D\ Breakout/glfw-3.2.1/build/CMakeFiles/CMakeTmp/CMAKE_TRY_COMPILE.build/Debug/cmTC_dd407.build/DerivedSources/x86_64 -I/Users/saadibm.com/Downloads/2D\ Breakout/glfw-3.2.1/build/CMakeFiles/CMakeTmp/CMAKE_TRY_COMPILE.build/Debug/cmTC_dd407.build/DerivedSources -Wmost -Wno-four-char-constants -Wno-unknown-pragmas -F/Users/saadibm.com/Downloads/2D\ Breakout/glfw-3.2.1/build/CMakeFiles/CMakeTmp/Debug -MMD -MT dependencies -MF /Users/saadibm.com/Downloads/2D\ Breakout/glfw-3.2.1/build/CMakeFiles/CMakeTmp/CMAKE_TRY_COMPILE.build/Debug/cmTC_dd407.build/Objects-normal/x86_64/CheckSymbolExists.d --serialize-diagnostics /Users/saadibm.com/Downloads/2D\ Breakout/glfw-3.2.1/build/CMakeFiles/CMakeTmp/CMAKE_TRY_COMPILE.build/Debug/cmTC_dd407.build/Objects-normal/x86_64/CheckSymbolExists.dia -c /Users/saadibm.com/Downloads/2D\ Breakout/glfw-3.2.1/build/CMakeFiles/CMakeTmp/CheckSymbolExists.c -o /Users/saadibm.com/Downloads/2D\ Breakout/glfw-3.2.1/build/CMakeFiles/CMakeTmp/CMAKE_TRY_COMPILE.build/Debug/cmTC_dd407.build/Objects-normal/x86_64/CheckSymbolExists.o

Ld Debug/cmTC_dd407 normal x86_64
    cd "/Users/saadibm.com/Downloads/2D Breakout/glfw-3.2.1/build/CMakeFiles/CMakeTmp"
    export MACOSX_DEPLOYMENT_TARGET=10.13
    /Applications/Xcode.app/Contents/Developer/Toolchains/XcodeDefault.xctoolchain/usr/bin/clang -arch x86_64 -isysroot /Library/Developer/CommandLineTools/SDKs/MacOSX10.13.sdk -L/Users/saadibm.com/Downloads/2D\ Breakout/glfw-3.2.1/build/CMakeFiles/CMakeTmp/Debug -F/Users/saadibm.com/Downloads/2D\ Breakout/glfw-3.2.1/build/CMakeFiles/CMakeTmp/Debug -filelist /Users/saadibm.com/Downloads/2D\ Breakout/glfw-3.2.1/build/CMakeFiles/CMakeTmp/CMAKE_TRY_COMPILE.build/Debug/cmTC_dd407.build/Objects-normal/x86_64/cmTC_dd407.LinkFileList -mmacosx-version-min=10.13 -Xlinker -object_path_lto -Xlinker /Users/saadibm.com/Downloads/2D\ Breakout/glfw-3.2.1/build/CMakeFiles/CMakeTmp/CMAKE_TRY_COMPILE.build/Debug/cmTC_dd407.build/Objects-normal/x86_64/cmTC_dd407_lto.o -Xlinker -no_deduplicate -Wl,-search_paths_first -Wl,-headerpad_max_install_names -Xlinker -dependency_info -Xlinker /Users/saadibm.com/Downloads/2D\ Breakout/glfw-3.2.1/build/CMakeFiles/CMakeTmp/CMAKE_TRY_COMPILE.build/Debug/cmTC_dd407.build/Objects-normal/x86_64/cmTC_dd407_dependency_info.dat -o /Users/saadibm.com/Downloads/2D\ Breakout/glfw-3.2.1/build/CMakeFiles/CMakeTmp/Debug/cmTC_dd407

** BUILD SUCCEEDED **


File /Users/saadibm.com/Downloads/2D Breakout/glfw-3.2.1/build/CMakeFiles/CMakeTmp/CheckSymbolExists.c:
/* */
#include <pthread.h>

int main(int argc, char** argv)
{
  (void)argv;
#ifndef pthread_create
  return ((int*)(&pthread_create))[argc];
#else
  (void)argc;
  return 0;
#endif
}

